<?xml version="1.0" encoding="UTF-8"?>
<!-- Generated by org.testng.reporters.JUnitReportReporter -->
<testsuite hostname="NTTD-5G3XBS3" failures="0" tests="1" name="TestFinal" time="149.381" errors="0" timestamp="2023-11-07T13:09:28 CET" skipped="0">
  <testcase classname="TestFinal" name="testName" time="149.381"/>
</testsuite> <!-- TestFinal -->
