<?xml version="1.0" encoding="UTF-8"?>
<!-- Generated by org.testng.reporters.JUnitReportReporter -->
<testsuite hostname="NTTD-5G3XBS3" failures="0" tests="1" name="TestBusqueda" time="86.822" errors="0" timestamp="2023-11-08T11:43:20 CET" skipped="0">
  <testcase classname="TestBusqueda" name="testBusqueda" time="86.822"/>
</testsuite> <!-- TestBusqueda -->
